<?xml version="1.0" encoding="UTF-8"?>
<!-- Generated by org.testng.reporters.JUnitXMLReporter -->
<testsuite hostname="DESKTOP-5ENMIH9" name="Test" tests="7" failures="0" timestamp="8 Jan 2020 03:27:34 GMT" time="28.088" errors="0">
  <testcase name="verifydress" time="1.251" classname="com.myapp.myapp.Tests"/>
  <testcase name="verifynl" time="4.526" classname="com.myapp.myapp.Tests"/>
  <testcase name="verifytabs" time="0.204" classname="com.myapp.myapp.Tests"/>
  <testcase name="verifytshirt" time="2.23" classname="com.myapp.myapp.Tests"/>
  <testcase name="verifywomen" time="3.54" classname="com.myapp.myapp.Tests"/>
  <testcase name="verifycheckbox" time="5.413" classname="com.myapp.myapp.Dresstest"/>
  <testcase name="verifycart" time="10.889" classname="com.myapp.myapp.Dresstest"/>
</testsuite> <!-- Test -->
